#
# There is insufficient memory for the Java Runtime Environment to continue.
# Native memory allocation (malloc) failed to allocate 183808 bytes for Chunk::new
# Possible reasons:
#   The system is out of physical RAM or swap space
#   In 32 bit mode, the process size limit was hit
# Possible solutions:
#   Reduce memory load on the system
#   Increase physical memory or swap space
#   Check if swap backing store is full
#   Use 64 bit Java on a 64 bit OS
#   Decrease Java heap size (-Xmx/-Xms)
#   Decrease number of Java threads
#   Decrease Java thread stack sizes (-Xss)
#   Set larger code cache with -XX:ReservedCodeCacheSize=
# This output file may be truncated or incomplete.
#
#  Out of Memory Error (allocation.cpp:390), pid=16416, tid=0x0000000000003b50
#
# JRE version: Java(TM) SE Runtime Environment (8.0_151-b12) (build 1.8.0_151-b12)
# Java VM: Java HotSpot(TM) 64-Bit Server VM (25.151-b12 mixed mode windows-amd64 compressed oops)
# Failed to write core dump. Minidumps are not enabled by default on client versions of Windows
#

---------------  T H R E A D  ---------------

Current thread (0x000000001bb07800):  JavaThread "C2 CompilerThread0" daemon [_thread_in_native, id=15184, stack(0x000000001bf50000,0x000000001c050000)]

Stack: [0x000000001bf50000,0x000000001c050000]
[error occurred during error reporting (printing stack bounds), id 0xc0000005]

Native frames: (J=compiled Java code, j=interpreted, Vv=VM code, C=native code)


Current CompileTask:
C2:   7248 2069       4       java.io.WinNTFileSystem::normalize (143 bytes)


---------------  P R O C E S S  ---------------

Java Threads: ( => current thread )
  0x000000001e278800 JavaThread "IOManager reader thread #1" daemon [_thread_blocked, id=10400, stack(0x00000000211f0000,0x00000000212f0000)]
  0x000000001e279000 JavaThread "IOManager writer thread #1" daemon [_thread_blocked, id=16228, stack(0x00000000210f0000,0x00000000211f0000)]
  0x000000001e8b4000 JavaThread "Timer-2" daemon [_thread_blocked, id=4348, stack(0x0000000020ff0000,0x00000000210f0000)]
  0x000000001e8b3000 JavaThread "Timer-1" daemon [_thread_blocked, id=6832, stack(0x0000000020ef0000,0x0000000020ff0000)]
  0x000000001e8b8800 JavaThread "BLOB Server listener at 61246" daemon [_thread_in_native, id=5924, stack(0x0000000020df0000,0x0000000020ef0000)]
  0x000000001e8b2800 JavaThread "Timer-0" daemon [_thread_blocked, id=1636, stack(0x0000000020cf0000,0x0000000020df0000)]
  0x000000001e8b7000 JavaThread "New I/O server boss #6" [_thread_in_native, id=14200, stack(0x00000000207f0000,0x00000000208f0000)]
  0x000000001e8b5800 JavaThread "New I/O worker #5" [_thread_in_native, id=14420, stack(0x00000000206f0000,0x00000000207f0000)]
  0x000000001e8b4800 JavaThread "New I/O worker #4" [_thread_in_native, id=12156, stack(0x00000000204f0000,0x00000000205f0000)]
  0x000000001e8b7800 JavaThread "New I/O boss #3" [_thread_in_native, id=14708, stack(0x00000000203f0000,0x00000000204f0000)]
  0x000000001e8b9000 JavaThread "New I/O worker #2" [_thread_in_native, id=9388, stack(0x00000000202f0000,0x00000000203f0000)]
  0x000000001e8b6000 JavaThread "New I/O worker #1" [_thread_in_native, id=15492, stack(0x000000001f6f0000,0x000000001f7f0000)]
  0x000000001e996800 JavaThread "flink-metrics-akka.remote.default-remote-dispatcher-4" [_thread_blocked, id=8028, stack(0x00000000201f0000,0x00000000202f0000)]
  0x000000001ecc8000 JavaThread "flink-metrics-akka.remote.default-remote-dispatcher-3" [_thread_blocked, id=4800, stack(0x00000000200f0000,0x00000000201f0000)]
  0x000000001ecc5800 JavaThread "flink-metrics-2" [_thread_blocked, id=15820, stack(0x000000001fff0000,0x00000000200f0000)]
  0x000000001e9fa000 JavaThread "flink-metrics-scheduler-1" [_thread_blocked, id=1876, stack(0x000000001fcf0000,0x000000001fdf0000)]
  0x000000001e970000 JavaThread "flink-akka.actor.default-dispatcher-5" [_thread_blocked, id=8136, stack(0x000000001f9f0000,0x000000001faf0000)]
  0x000000001e9eb800 JavaThread "flink-akka.actor.default-dispatcher-4" [_thread_blocked, id=15536, stack(0x000000001f8f0000,0x000000001f9f0000)]
  0x000000001e96f800 JavaThread "flink-akka.actor.default-dispatcher-3" [_thread_blocked, id=2956, stack(0x000000001f7f0000,0x000000001f8f0000)]
  0x000000001e628800 JavaThread "flink-scheduler-1" [_thread_blocked, id=12312, stack(0x000000001f3f0000,0x000000001f4f0000)]
  0x000000001bbd7000 JavaThread "Service Thread" daemon [_thread_blocked, id=16184, stack(0x000000001c250000,0x000000001c350000)]
  0x000000001bb8b000 JavaThread "C1 CompilerThread2" daemon [_thread_blocked, id=9984, stack(0x000000001c150000,0x000000001c250000)]
  0x000000001bb27800 JavaThread "C2 CompilerThread1" daemon [_thread_blocked, id=12368, stack(0x000000001c050000,0x000000001c150000)]
=>0x000000001bb07800 JavaThread "C2 CompilerThread0" daemon [_thread_in_native, id=15184, stack(0x000000001bf50000,0x000000001c050000)]
  0x000000001ba3d800 JavaThread "Monitor Ctrl-Break" daemon [_thread_in_native, id=16856, stack(0x000000001be50000,0x000000001bf50000)]
  0x000000001a4b7000 JavaThread "Attach Listener" daemon [_thread_blocked, id=10464, stack(0x000000001bd50000,0x000000001be50000)]
  0x000000001b893800 JavaThread "Signal Dispatcher" daemon [_thread_blocked, id=12192, stack(0x000000001bc50000,0x000000001bd50000)]
  0x000000001a47f800 JavaThread "Finalizer" daemon [_thread_blocked, id=2912, stack(0x000000001b6f0000,0x000000001b7f0000)]
  0x00000000033e6000 JavaThread "Reference Handler" daemon [_thread_blocked, id=2180, stack(0x000000001b5f0000,0x000000001b6f0000)]

Other Threads:
  0x000000001a457800 VMThread [stack: 0x000000001b4f0000,0x000000001b5f0000] [id=16628]
  0x000000001bc3c000 WatcherThread [stack: 0x000000001c350000,0x000000001c450000] [id=14488]

VM state:not at safepoint (normal execution)

VM Mutex/Monitor currently owned by a thread: None

Heap:
 PSYoungGen      total 57344K, used 8647K [0x0000000780800000, 0x0000000784f80000, 0x00000007c0000000)
  eden space 49152K, 5% used [0x0000000780800000,0x0000000780a8abe8,0x0000000783800000)
  from space 8192K, 73% used [0x0000000783800000,0x0000000783de71e8,0x0000000784000000)
  to   space 8192K, 0% used [0x0000000784780000,0x0000000784780000,0x0000000784f80000)
 ParOldGen       total 101376K, used 9717K [0x0000000701800000, 0x0000000707b00000, 0x0000000780800000)
  object space 101376K, 9% used [0x0000000701800000,0x000000070217d678,0x0000000707b00000)
 Metaspace       used 28076K, capacity 29810K, committed 30080K, reserved 1075200K
  class space    used 3987K, capacity 4201K, committed 4224K, reserved 1048576K

Card table byte_map: [0x00000000127b0000,0x0000000012db0000] byte_map_base: 0x000000000efa4000

Marking Bits: (ParMarkBitMap*) 0x000000007448d850
 Begin Bits: [0x00000000135b0000, 0x0000000016550000)
 End Bits:   [0x0000000016550000, 0x00000000194f0000)

Polling page: 0x0000000001680000

CodeCache: size=245760Kb used=6667Kb max_used=6671Kb free=239092Kb
 bounds [0x00000000033f0000, 0x0000000003a80000, 0x00000000123f0000]
 total_blobs=2524 nmethods=2076 adapters=360
 compilation: enabled

Compilation events (10 events):
Event: 7.225 Thread 0x000000001bb8b000 2093       3       java.nio.DirectByteBuffer$Deallocator::<init> (9 bytes)
Event: 7.225 Thread 0x000000001bb8b000 nmethod 2093 0x0000000003500650 code [0x00000000035007c0, 0x0000000003500948]
Event: 7.225 Thread 0x000000001bb8b000 2095   !   3       org.apache.flink.core.memory.MemoryUtils::getByteBufferAddress (39 bytes)
Event: 7.225 Thread 0x000000001bb8b000 nmethod 2095 0x0000000003524e90 code [0x0000000003525060, 0x00000000035256a8]
Event: 7.225 Thread 0x000000001bb8b000 2096       3       org.apache.flink.core.memory.MemorySegment::<init> (99 bytes)
Event: 7.226 Thread 0x000000001bb8b000 nmethod 2096 0x0000000003523a90 code [0x0000000003523cc0, 0x00000000035248e8]
Event: 7.226 Thread 0x000000001bb8b000 2091       3       sun.misc.Unsafe::setMemory (10 bytes)
Event: 7.226 Thread 0x000000001bb8b000 nmethod 2091 0x000000000354dfd0 code [0x000000000354e140, 0x000000000354e368]
Event: 7.229 Thread 0x000000001bb8b000 2097       3       java.nio.DirectByteBuffer$Deallocator::<init> (41 bytes)
Event: 7.229 Thread 0x000000001bb8b000 nmethod 2097 0x0000000003523690 code [0x0000000003523800, 0x00000000035239d0]

GC Heap History (8 events):
Event: 2.132 GC heap before
{Heap before GC invocations=1 (full 0):
 PSYoungGen      total 57344K, used 49152K [0x0000000780800000, 0x0000000784800000, 0x00000007c0000000)
  eden space 49152K, 100% used [0x0000000780800000,0x0000000783800000,0x0000000783800000)
  from space 8192K, 0% used [0x0000000784000000,0x0000000784000000,0x0000000784800000)
  to   space 8192K, 0% used [0x0000000783800000,0x0000000783800000,0x0000000784000000)
 ParOldGen       total 131072K, used 0K [0x0000000701800000, 0x0000000709800000, 0x0000000780800000)
  object space 131072K, 0% used [0x0000000701800000,0x0000000701800000,0x0000000709800000)
 Metaspace       used 12712K, capacity 13258K, committed 13312K, reserved 1060864K
  class space    used 1642K, capacity 1774K, committed 1792K, reserved 1048576K
Event: 2.142 GC heap after
Heap after GC invocations=1 (full 0):
 PSYoungGen      total 57344K, used 8186K [0x0000000780800000, 0x0000000784800000, 0x00000007c0000000)
  eden space 49152K, 0% used [0x0000000780800000,0x0000000780800000,0x0000000783800000)
  from space 8192K, 99% used [0x0000000783800000,0x0000000783ffea08,0x0000000784000000)
  to   space 8192K, 0% used [0x0000000784000000,0x0000000784000000,0x0000000784800000)
 ParOldGen       total 131072K, used 541K [0x0000000701800000, 0x0000000709800000, 0x0000000780800000)
  object space 131072K, 0% used [0x0000000701800000,0x00000007018876c0,0x0000000709800000)
 Metaspace       used 12712K, capacity 13258K, committed 13312K, reserved 1060864K
  class space    used 1642K, capacity 1774K, committed 1792K, reserved 1048576K
}
Event: 3.774 GC heap before
{Heap before GC invocations=2 (full 0):
 PSYoungGen      total 57344K, used 53878K [0x0000000780800000, 0x0000000784800000, 0x00000007c0000000)
  eden space 49152K, 92% used [0x0000000780800000,0x000000078349f128,0x0000000783800000)
  from space 8192K, 99% used [0x0000000783800000,0x0000000783ffea08,0x0000000784000000)
  to   space 8192K, 0% used [0x0000000784000000,0x0000000784000000,0x0000000784800000)
 ParOldGen       total 131072K, used 541K [0x0000000701800000, 0x0000000709800000, 0x0000000780800000)
  object space 131072K, 0% used [0x0000000701800000,0x00000007018876c0,0x0000000709800000)
 Metaspace       used 20219K, capacity 21256K, committed 21296K, reserved 1067008K
  class space    used 2772K, capacity 2943K, committed 2944K, reserved 1048576K
Event: 3.786 GC heap after
Heap after GC invocations=2 (full 0):
 PSYoungGen      total 57344K, used 8190K [0x0000000780800000, 0x0000000784800000, 0x00000007c0000000)
  eden space 49152K, 0% used [0x0000000780800000,0x0000000780800000,0x0000000783800000)
  from space 8192K, 99% used [0x0000000784000000,0x00000007847ff9a0,0x0000000784800000)
  to   space 8192K, 0% used [0x0000000783800000,0x0000000783800000,0x0000000784000000)
 ParOldGen       total 131072K, used 2387K [0x0000000701800000, 0x0000000709800000, 0x0000000780800000)
  object space 131072K, 1% used [0x0000000701800000,0x0000000701a54e58,0x0000000709800000)
 Metaspace       used 20219K, capacity 21256K, committed 21296K, reserved 1067008K
  class space    used 2772K, capacity 2943K, committed 2944K, reserved 1048576K
}
Event: 3.786 GC heap before
{Heap before GC invocations=3 (full 1):
 PSYoungGen      total 57344K, used 8190K [0x0000000780800000, 0x0000000784800000, 0x00000007c0000000)
  eden space 49152K, 0% used [0x0000000780800000,0x0000000780800000,0x0000000783800000)
  from space 8192K, 99% used [0x0000000784000000,0x00000007847ff9a0,0x0000000784800000)
  to   space 8192K, 0% used [0x0000000783800000,0x0000000783800000,0x0000000784000000)
 ParOldGen       total 131072K, used 2387K [0x0000000701800000, 0x0000000709800000, 0x0000000780800000)
  object space 131072K, 1% used [0x0000000701800000,0x0000000701a54e58,0x0000000709800000)
 Metaspace       used 20219K, capacity 21256K, committed 21296K, reserved 1067008K
  class space    used 2772K, capacity 2943K, committed 2944K, reserved 1048576K
Event: 3.884 GC heap after
Heap after GC invocations=3 (full 1):
 PSYoungGen      total 57344K, used 0K [0x0000000780800000, 0x0000000784800000, 0x00000007c0000000)
  eden space 49152K, 0% used [0x0000000780800000,0x0000000780800000,0x0000000783800000)
  from space 8192K, 0% used [0x0000000784000000,0x0000000784000000,0x0000000784800000)
  to   space 8192K, 0% used [0x0000000783800000,0x0000000783800000,0x0000000784000000)
 ParOldGen       total 101376K, used 9709K [0x0000000701800000, 0x0000000707b00000, 0x0000000780800000)
  object space 101376K, 9% used [0x0000000701800000,0x000000070217b658,0x0000000707b00000)
 Metaspace       used 20219K, capacity 21256K, committed 21296K, reserved 1067008K
  class space    used 2772K, capacity 2943K, committed 2944K, reserved 1048576K
}
Event: 7.175 GC heap before
{Heap before GC invocations=4 (full 1):
 PSYoungGen      total 57344K, used 49152K [0x0000000780800000, 0x0000000784800000, 0x00000007c0000000)
  eden space 49152K, 100% used [0x0000000780800000,0x0000000783800000,0x0000000783800000)
  from space 8192K, 0% used [0x0000000784000000,0x0000000784000000,0x0000000784800000)
  to   space 8192K, 0% used [0x0000000783800000,0x0000000783800000,0x0000000784000000)
 ParOldGen       total 101376K, used 9709K [0x0000000701800000, 0x0000000707b00000, 0x0000000780800000)
  object space 101376K, 9% used [0x0000000701800000,0x000000070217b678,0x0000000707b00000)
 Metaspace       used 27915K, capacity 29676K, committed 29824K, reserved 1075200K
  class space    used 3965K, capacity 4200K, committed 4224K, reserved 1048576K
Event: 7.180 GC heap after
Heap after GC invocations=4 (full 1):
 PSYoungGen      total 57344K, used 6044K [0x0000000780800000, 0x0000000784f80000, 0x00000007c0000000)
  eden space 49152K, 0% used [0x0000000780800000,0x0000000780800000,0x0000000783800000)
  from space 8192K, 73% used [0x0000000783800000,0x0000000783de71e8,0x0000000784000000)
  to   space 8192K, 0% used [0x0000000784780000,0x0000000784780000,0x0000000784f80000)
 ParOldGen       total 101376K, used 9717K [0x0000000701800000, 0x0000000707b00000, 0x0000000780800000)
  object space 101376K, 9% used [0x0000000701800000,0x000000070217d678,0x0000000707b00000)
 Metaspace       used 27915K, capacity 29676K, committed 29824K, reserved 1075200K
  class space    used 3965K, capacity 4200K, committed 4224K, reserved 1048576K
}

Deoptimization events (10 events):
Event: 5.221 Thread 0x000000001e996800 Uncommon trap: reason=unstable_if action=reinterpret pc=0x000000000353f79c method=sun.nio.cs.UTF_8$Encoder.encode([CII[B)I @ 33
Event: 5.221 Thread 0x000000001e996800 Uncommon trap: reason=unstable_if action=reinterpret pc=0x000000000353e794 method=sun.nio.cs.UTF_8$Encoder.encode([CII[B)I @ 33
Event: 6.597 Thread 0x000000001e996800 Uncommon trap: reason=unstable_if action=reinterpret pc=0x000000000368bf14 method=java.io.WinNTFileSystem.normalize(Ljava/lang/String;)Ljava/lang/String; @ 128
Event: 6.804 Thread 0x000000001e996800 Uncommon trap: reason=unstable_if action=reinterpret pc=0x000000000389533c method=jdk.internal.org.objectweb.asm.Item.isEqualTo(Ljdk/internal/org/objectweb/asm/Item;)Z @ 331
Event: 6.970 Thread 0x00000000032f4800 Uncommon trap: reason=unstable_if action=reinterpret pc=0x00000000036ef930 method=java.util.HashMap.getNode(ILjava/lang/Object;)Ljava/util/HashMap$Node; @ 62
Event: 6.970 Thread 0x00000000032f4800 Uncommon trap: reason=unstable_if action=reinterpret pc=0x00000000039d70d8 method=java.util.HashMap.putVal(ILjava/lang/Object;Ljava/lang/Object;ZZ)Ljava/lang/Object; @ 94
Event: 6.970 Thread 0x00000000032f4800 Uncommon trap: reason=unstable_if action=reinterpret pc=0x00000000036ca0cc method=java.util.HashMap.getNode(ILjava/lang/Object;)Ljava/util/HashMap$Node; @ 62
Event: 7.035 Thread 0x00000000032f4800 Uncommon trap: reason=unstable_if action=reinterpret pc=0x0000000003916cd8 method=java.util.HashMap.tableSizeFor(I)I @ 37
Event: 7.036 Thread 0x00000000032f4800 Uncommon trap: reason=unstable_if action=reinterpret pc=0x000000000391bb28 method=java.util.HashMap.tableSizeFor(I)I @ 37
Event: 7.080 Thread 0x00000000032f4800 Uncommon trap: reason=unstable_if action=reinterpret pc=0x0000000003721348 method=jdk.internal.org.objectweb.asm.Type.getArgumentsAndReturnSizes(Ljava/lang/String;)I @ 41

Internal exceptions (10 events):
Event: 6.885 Thread 0x000000001e996800 Exception <a 'java/lang/NoSuchMethodError': java.lang.Object.$anonfun$groupBy$4(Lscala/collection/mutable/Builder;Lscala/Tuple2;)Lscala/collection/mutable/Builder;> (0x0000000782a8e668) thrown at [C:\re\workspace\8-2-build-windows-amd64-cygwin\jdk8u151\96
Event: 6.915 Thread 0x00000000032f4800 Exception <a 'java/lang/ArrayIndexOutOfBoundsException'> (0x0000000781ccc7a8) thrown at [C:\re\workspace\8-2-build-windows-amd64-cygwin\jdk8u151\9699\hotspot\src\share\vm\runtime\sharedRuntime.cpp, line 605]
Event: 6.916 Thread 0x00000000032f4800 Exception <a 'java/lang/ArrayIndexOutOfBoundsException'> (0x0000000781cd8e38) thrown at [C:\re\workspace\8-2-build-windows-amd64-cygwin\jdk8u151\9699\hotspot\src\share\vm\runtime\sharedRuntime.cpp, line 605]
Event: 7.042 Thread 0x00000000032f4800 Exception <a 'java/lang/ArrayIndexOutOfBoundsException'> (0x0000000783289c88) thrown at [C:\re\workspace\8-2-build-windows-amd64-cygwin\jdk8u151\9699\hotspot\src\share\vm\runtime\sharedRuntime.cpp, line 605]
Event: 7.042 Thread 0x00000000032f4800 Exception <a 'java/lang/ArrayIndexOutOfBoundsException'> (0x000000078328b790) thrown at [C:\re\workspace\8-2-build-windows-amd64-cygwin\jdk8u151\9699\hotspot\src\share\vm\runtime\sharedRuntime.cpp, line 605]
Event: 7.042 Thread 0x00000000032f4800 Exception <a 'java/lang/ArrayIndexOutOfBoundsException'> (0x000000078328ef20) thrown at [C:\re\workspace\8-2-build-windows-amd64-cygwin\jdk8u151\9699\hotspot\src\share\vm\runtime\sharedRuntime.cpp, line 605]
Event: 7.050 Thread 0x00000000032f4800 Exception <a 'java/lang/ArrayIndexOutOfBoundsException'> (0x00000007832bb678) thrown at [C:\re\workspace\8-2-build-windows-amd64-cygwin\jdk8u151\9699\hotspot\src\share\vm\runtime\sharedRuntime.cpp, line 605]
Event: 7.050 Thread 0x00000000032f4800 Exception <a 'java/lang/ArrayIndexOutOfBoundsException'> (0x00000007832bd010) thrown at [C:\re\workspace\8-2-build-windows-amd64-cygwin\jdk8u151\9699\hotspot\src\share\vm\runtime\sharedRuntime.cpp, line 605]
Event: 7.050 Thread 0x00000000032f4800 Exception <a 'java/lang/ArrayIndexOutOfBoundsException'> (0x00000007832be6b0) thrown at [C:\re\workspace\8-2-build-windows-amd64-cygwin\jdk8u151\9699\hotspot\src\share\vm\runtime\sharedRuntime.cpp, line 605]
Event: 7.245 Thread 0x00000000032f4800 Exception <a 'java/lang/OutOfMemoryError'> (0x00000007809d7e40) thrown at [C:\re\workspace\8-2-build-windows-amd64-cygwin\jdk8u151\9699\hotspot\src\share\vm\prims\unsafe.cpp, line 634]

Events (10 events):
Event: 7.203 loading class org/apache/flink/core/memory/MemorySegment
Event: 7.203 loading class org/apache/flink/core/memory/MemorySegment done
Event: 7.205 loading class org/apache/flink/core/memory/HybridMemorySegment
Event: 7.205 loading class org/apache/flink/core/memory/HybridMemorySegment done
Event: 7.206 loading class java/nio/ReadOnlyBufferException
Event: 7.207 loading class java/nio/ReadOnlyBufferException done
Event: 7.207 loading class java/nio/BufferUnderflowException
Event: 7.207 loading class java/nio/BufferUnderflowException done
Event: 7.245 loading class org/apache/flink/util/ExceptionUtils
Event: 7.245 loading class org/apache/flink/util/ExceptionUtils done


Dynamic libraries:
0x00007ff7181c0000 - 0x00007ff7181f7000 	C:\Program Files\Java\jdk1.8.0_151\bin\java.exe
0x00007ff9076e0000 - 0x00007ff9078d0000 	C:\WINDOWS\SYSTEM32\ntdll.dll
0x00007ff9074b0000 - 0x00007ff907562000 	C:\WINDOWS\System32\KERNEL32.DLL
0x00007ff905430000 - 0x00007ff9056d5000 	C:\WINDOWS\System32\KERNELBASE.dll
0x00007ff9069c0000 - 0x00007ff906a63000 	C:\WINDOWS\System32\ADVAPI32.dll
0x00007ff907410000 - 0x00007ff9074ae000 	C:\WINDOWS\System32\msvcrt.dll
0x00007ff906fa0000 - 0x00007ff907037000 	C:\WINDOWS\System32\sechost.dll
0x00007ff906750000 - 0x00007ff906870000 	C:\WINDOWS\System32\RPCRT4.dll
0x00007ff905880000 - 0x00007ff905a14000 	C:\WINDOWS\System32\USER32.dll
0x00007ff904ef0000 - 0x00007ff904f11000 	C:\WINDOWS\System32\win32u.dll
0x00007ff906110000 - 0x00007ff906136000 	C:\WINDOWS\System32\GDI32.dll
0x00007ff905110000 - 0x00007ff9052a6000 	C:\WINDOWS\System32\gdi32full.dll
0x00007ff904e50000 - 0x00007ff904eee000 	C:\WINDOWS\System32\msvcp_win.dll
0x00007ff904f20000 - 0x00007ff90501a000 	C:\WINDOWS\System32\ucrtbase.dll
0x00007ff8f31f0000 - 0x00007ff8f3474000 	C:\WINDOWS\WinSxS\amd64_microsoft.windows.common-controls_6595b64144ccf1df_6.0.18362.1198_none_9e820b57e45ad92f\COMCTL32.dll
0x00007ff906b40000 - 0x00007ff906e75000 	C:\WINDOWS\System32\combase.dll
0x00007ff905020000 - 0x00007ff9050a0000 	C:\WINDOWS\System32\bcryptPrimitives.dll
0x00007ff906f70000 - 0x00007ff906f9e000 	C:\WINDOWS\System32\IMM32.DLL
0x0000000074510000 - 0x00000000745e2000 	C:\Program Files\Java\jdk1.8.0_151\jre\bin\msvcr100.dll
0x0000000073c70000 - 0x000000007450d000 	C:\Program Files\Java\jdk1.8.0_151\jre\bin\server\jvm.dll
0x00007ff906740000 - 0x00007ff906748000 	C:\WINDOWS\System32\PSAPI.DLL
0x00007ff900e60000 - 0x00007ff900e84000 	C:\WINDOWS\SYSTEM32\WINMM.dll
0x00007ff8e3520000 - 0x00007ff8e3529000 	C:\WINDOWS\SYSTEM32\WSOCK32.dll
0x00007ff906e80000 - 0x00007ff906eef000 	C:\WINDOWS\System32\WS2_32.dll
0x00007ff900e30000 - 0x00007ff900e5d000 	C:\WINDOWS\SYSTEM32\WINMMBASE.dll
0x00007ff9050a0000 - 0x00007ff9050ea000 	C:\WINDOWS\System32\cfgmgr32.dll
0x00007ff904170000 - 0x00007ff90417a000 	C:\WINDOWS\SYSTEM32\VERSION.dll
0x0000000073c60000 - 0x0000000073c6f000 	C:\Program Files\Java\jdk1.8.0_151\jre\bin\verify.dll
0x0000000073c30000 - 0x0000000073c59000 	C:\Program Files\Java\jdk1.8.0_151\jre\bin\java.dll
0x0000000075c50000 - 0x0000000075c73000 	C:\Program Files\Java\jdk1.8.0_151\jre\bin\instrument.dll
0x0000000073c10000 - 0x0000000073c26000 	C:\Program Files\Java\jdk1.8.0_151\jre\bin\zip.dll
0x00007ff905a20000 - 0x00007ff906107000 	C:\WINDOWS\System32\SHELL32.dll
0x00007ff906690000 - 0x00007ff906739000 	C:\WINDOWS\System32\shcore.dll
0x00007ff9046c0000 - 0x00007ff904e41000 	C:\WINDOWS\System32\windows.storage.dll
0x00007ff9045c0000 - 0x00007ff9045e3000 	C:\WINDOWS\System32\profapi.dll
0x00007ff904610000 - 0x00007ff90465a000 	C:\WINDOWS\System32\powrprof.dll
0x00007ff904590000 - 0x00007ff9045a0000 	C:\WINDOWS\System32\UMPDC.dll
0x00007ff9073b0000 - 0x00007ff907402000 	C:\WINDOWS\System32\shlwapi.dll
0x00007ff9045a0000 - 0x00007ff9045b1000 	C:\WINDOWS\System32\kernel.appcore.dll
0x00007ff9050f0000 - 0x00007ff905107000 	C:\WINDOWS\System32\cryptsp.dll
0x00007ff8feca0000 - 0x00007ff8fecba000 	D:\idea\IntelliJ IDEA 2017.2.5\bin\breakgen64.dll
0x0000000073bf0000 - 0x0000000073c0a000 	C:\Program Files\Java\jdk1.8.0_151\jre\bin\net.dll
0x00007ff903d70000 - 0x00007ff903dd7000 	C:\WINDOWS\system32\mswsock.dll
0x00007ff8e6db0000 - 0x00007ff8e6dc6000 	C:\WINDOWS\system32\napinsp.dll
0x00007ff8e6d90000 - 0x00007ff8e6daa000 	C:\WINDOWS\system32\pnrpnsp.dll
0x00007ff903ac0000 - 0x00007ff903b8b000 	C:\WINDOWS\SYSTEM32\DNSAPI.dll
0x00007ff906140000 - 0x00007ff906148000 	C:\WINDOWS\System32\NSI.dll
0x00007ff903a80000 - 0x00007ff903aba000 	C:\WINDOWS\SYSTEM32\IPHLPAPI.DLL
0x00007ff8e9010000 - 0x00007ff8e901e000 	C:\WINDOWS\System32\winrnr.dll
0x00007ff900a40000 - 0x00007ff900a5c000 	C:\WINDOWS\system32\NLAapi.dll
0x00007ff8ffd60000 - 0x00007ff8ffd75000 	C:\WINDOWS\system32\wshbth.dll
0x00007ff8fc0a0000 - 0x00007ff8fc0aa000 	C:\Windows\System32\rasadhlp.dll
0x00007ff8f51d0000 - 0x00007ff8f5247000 	C:\WINDOWS\System32\fwpuclnt.dll
0x00007ff9052b0000 - 0x00007ff9052d6000 	C:\WINDOWS\System32\bcrypt.dll
0x0000000073bd0000 - 0x0000000073be1000 	C:\Program Files\Java\jdk1.8.0_151\jre\bin\nio.dll
0x00007ff9038e0000 - 0x00007ff903913000 	C:\WINDOWS\system32\rsaenh.dll
0x00007ff9044b0000 - 0x00007ff9044d5000 	C:\WINDOWS\SYSTEM32\USERENV.dll
0x00007ff903f40000 - 0x00007ff903f4c000 	C:\WINDOWS\SYSTEM32\CRYPTBASE.dll
0x00007ff8f7450000 - 0x00007ff8f7466000 	C:\WINDOWS\SYSTEM32\dhcpcsvc6.DLL
0x00007ff8f71b0000 - 0x00007ff8f71cc000 	C:\WINDOWS\SYSTEM32\dhcpcsvc.DLL
0x0000000075c40000 - 0x0000000075c4d000 	C:\Program Files\Java\jdk1.8.0_151\jre\bin\management.dll

VM Arguments:
jvm_args: -javaagent:D:\idea\IntelliJ IDEA 2017.2.5\lib\idea_rt.jar=61225:D:\idea\IntelliJ IDEA 2017.2.5\bin -Dfile.encoding=UTF-8 
java_command: com.adb.flink.source.FlinkSource_Kafka
java_class_path (initial): C:\Program Files\Java\jdk1.8.0_151\jre\lib\charsets.jar;C:\Program Files\Java\jdk1.8.0_151\jre\lib\deploy.jar;C:\Program Files\Java\jdk1.8.0_151\jre\lib\ext\access-bridge-64.jar;C:\Program Files\Java\jdk1.8.0_151\jre\lib\ext\cldrdata.jar;C:\Program Files\Java\jdk1.8.0_151\jre\lib\ext\dnsns.jar;C:\Program Files\Java\jdk1.8.0_151\jre\lib\ext\jaccess.jar;C:\Program Files\Java\jdk1.8.0_151\jre\lib\ext\jfxrt.jar;C:\Program Files\Java\jdk1.8.0_151\jre\lib\ext\localedata.jar;C:\Program Files\Java\jdk1.8.0_151\jre\lib\ext\nashorn.jar;C:\Program Files\Java\jdk1.8.0_151\jre\lib\ext\sunec.jar;C:\Program Files\Java\jdk1.8.0_151\jre\lib\ext\sunjce_provider.jar;C:\Program Files\Java\jdk1.8.0_151\jre\lib\ext\sunmscapi.jar;C:\Program Files\Java\jdk1.8.0_151\jre\lib\ext\sunpkcs11.jar;C:\Program Files\Java\jdk1.8.0_151\jre\lib\ext\zipfs.jar;C:\Program Files\Java\jdk1.8.0_151\jre\lib\javaws.jar;C:\Program Files\Java\jdk1.8.0_151\jre\lib\jce.jar;C:\Program Files\Java\jdk1.8.0_151\jre\lib\jfr.jar;C:\Program Files\Java\jdk1.8.0_151\jre\lib\jfxswt.jar;C:\Program Files\Java\jdk1.8.0_151\jre\lib\jsse.jar;C:\Program Files\Java\jdk1.8.0_151\jre\lib\management-agent.jar;C:\Program Files\Java\jdk1.8.0_151\jre\lib\plugin.jar;C:\Program Files\Java\jdk1.8.0_151\jre\lib\resources.jar;C:\Program Files\Java\jdk1.8.0_151\jre\lib\rt.jar;D:\ideaWorkSpace\Flink-Study\Flink-Demo\target\classes;D:\repository\org\apache\flink\flink-java\1.10.1\flink-java-1.10.1.jar;D:\repository\org\apache\flink\flink-core\1.10.1\flink-core-1.10.1.jar;D:\repository\org\apache\flink\flink-annotations\1.10.1\flink-annotations-1.10.1.jar;D:\repository\org\apache\flink\flink-metrics-core\1.10.1\flink-metrics-core-1.10.1.jar;D:\repository\com\esotericsoftware\kryo\kryo\2.24.0\kryo-2.24.0.jar;D:\repository\com\esotericsoftware\minlog\minlog\1.2\minlog-1.2.jar;D:\repository\org\objenesis\objenesis\2.1\objenesis-2.1.jar;D:\repository\commons-collections\commons-collections\3.2.2\commons-collections-3.2.
Launcher Type: SUN_STANDARD

Environment Variables:
JAVA_HOME=C:\Program Files\Java\jdk1.8.0_151
CLASSPATH=.;C:\Program Files\Java\jdk1.8.0_151\lib;C:\Program Files\Java\jdk1.8.0_151\lib\tools.jar
PATH=C:\ProgramData\Oracle\Java\javapath;C:\Program Files\Java\jdk1.8.0_151\bin;C:\Program Files\Java\jdk1.8.0_151\jre\bin;C:\Program Files (x86)\Intel\iCLS Client\;C:\Program Files\Intel\iCLS Client\;C:\Windows\system32;C:\Windows;C:\Windows\System32\Wbem;C:\Windows\System32\WindowsPowerShell\v1.0\;C:\Program Files (x86)\Intel\Intel(R) Management Engine Components\DAL;C:\Program Files\Intel\Intel(R) Management Engine Components\DAL;C:\Program Files (x86)\Intel\Intel(R) Management Engine Components\IPT;C:\Program Files\Intel\Intel(R) Management Engine Components\IPT;C:\Program Files (x86)\NVIDIA Corporation\PhysX\Common;C:\Program Files (x86)\MySQL\MySQL Server 5.5\bin;E:\SecureCRT\;D:\SVN\bin;D:\SVNservice\bin;D:\apache-maven-3.3.9\bin;C:\gradle\gradle-4.4\bin;C:\WINDOWS\system32;C:\WINDOWS;C:\WINDOWS\System32\Wbem;C:\WINDOWS\System32\WindowsPowerShell\v1.0\;C:\WINDOWS\System32\OpenSSH\;D:\hadoop-2.9.1\bin;D:\nodejs\;C:\Program Files (x86)\scala\bin;D:\consul;D:\git\Git\cmd;D:\docker\Docker Toolbox;C:\Users\渴望一笑\AppData\Local\Microsoft\WindowsApps;C:\;sers\渴望一笑\AppData\Roaming\npm;C:\;sers\渴望一笑\AppData\Local\Programs\Fiddler;%US;RPROFILE%\AppData\Local\Microsoft\WindowsApps;C:\Users\渴望一笑\AppData\Local\BypassRuntm;D:\;ocker\Docker Toolbox;D:\docker\Docker Toolbox;D:\docker\Docker Toolbox
USERNAME=渴望一笑
OS=Windows_NT
PROCESSOR_IDENTIFIER=Intel64 Family 6 Model 78 Stepping 3, GenuineIntel



---------------  S Y S T E M  ---------------

OS: Windows 10.0 , 64 bit Build 18362 (10.0.18362.1110)

CPU:total 4 (initial active 4) (2 cores per cpu, 2 threads per core) family 6 model 78 stepping 3, cmov, cx8, fxsr, mmx, sse, sse2, sse3, ssse3, sse4.1, sse4.2, popcnt, avx, avx2, aes, clmul, erms, 3dnowpref, lzcnt, ht, tsc, tscinvbit, bmi1, bmi2, adx

Memory: 4k page, physical 12483576k(935672k free), swap 13007864k(5128k free)

vm_info: Java HotSpot(TM) 64-Bit Server VM (25.151-b12) for windows-amd64 JRE (1.8.0_151-b12), built on Sep  5 2017 19:33:46 by "java_re" with MS VC++ 10.0 (VS2010)

time: Tue Dec 08 14:40:52 2020
elapsed time: 7 seconds (0d 0h 0m 7s)

